<?xml version="1.0" encoding="UTF-8"?>
<testng-results ignored="0" total="1" passed="1" failed="0" skipped="0">
  <reporter-output>
  </reporter-output>
  <suite started-at="2023-01-14T19:25:07 EET" name="Default suite" finished-at="2023-01-14T19:25:53 EET" duration-ms="46038">
    <groups>
    </groups>
    <test started-at="2023-01-14T19:25:07 EET" name="Default test" finished-at="2023-01-14T19:25:53 EET" duration-ms="46038">
      <class name="tests.TaskTwo_firstScenario_SelectASeat_Then_Payment_Test">
        <test-method is-config="true" signature="beforeEachTestCase()[pri:0, instance:tests.TaskTwo_firstScenario_SelectASeat_Then_Payment_Test@2a7f1f10]" started-at="2023-01-14T19:25:07 EET" name="beforeEachTestCase" finished-at="2023-01-14T19:25:35 EET" duration-ms="28371" status="PASS">
          <reporter-output>
          </reporter-output>
        </test-method> <!-- beforeEachTestCase -->
        <test-method signature="TaskTwo_firstScenario_SelectASeat_Then_Payment(java.lang.String,java.lang.String,java.lang.String,java.lang.String,java.lang.String,java.lang.String,java.lang.String,java.lang.String,java.lang.String,java.lang.String,java.lang.String,java.lang.String,java.lang.String)[pri:0, instance:tests.TaskTwo_firstScenario_SelectASeat_Then_Payment_Test@2a7f1f10]" started-at="2023-01-14T19:25:35 EET" name="TaskTwo_firstScenario_SelectASeat_Then_Payment" data-provider="home_seatDate_passenger_payment" finished-at="2023-01-14T19:25:52 EET" duration-ms="17217" status="PASS">
          <params>
            <param index="0">
              <value>
                <![CDATA[CHIKKAMAGALURU]]>
              </value>
            </param>
            <param index="1">
              <value>
                <![CDATA[BENGALURU]]>
              </value>
            </param>
            <param index="2">
              <value>
                <![CDATA[19]]>
              </value>
            </param>
            <param index="3">
              <value>
                <![CDATA[6789125987]]>
              </value>
            </param>
            <param index="4">
              <value>
                <![CDATA[test@test.com]]>
              </value>
            </param>
            <param index="5">
              <value>
                <![CDATA[test]]>
              </value>
            </param>
            <param index="6">
              <value>
                <![CDATA[MALE]]>
              </value>
            </param>
            <param index="7">
              <value>
                <![CDATA[29]]>
              </value>
            </param>
            <param index="8">
              <value>
                <![CDATA[GENERAL PUBLIC]]>
              </value>
            </param>
            <param index="9">
              <value>
                <![CDATA[test]]>
              </value>
            </param>
            <param index="10">
              <value>
                <![CDATA[1234]]>
              </value>
            </param>
            <param index="11">
              <value>
                <![CDATA[test]]>
              </value>
            </param>
            <param index="12">
              <value>
                <![CDATA[123]]>
              </value>
            </param>
          </params>
          <reporter-output>
          </reporter-output>
        </test-method> <!-- TaskTwo_firstScenario_SelectASeat_Then_Payment -->
        <test-method is-config="true" signature="clearEnvironment()[pri:0, instance:tests.TaskTwo_firstScenario_SelectASeat_Then_Payment_Test@2a7f1f10]" started-at="2023-01-14T19:25:52 EET" name="clearEnvironment" finished-at="2023-01-14T19:25:53 EET" duration-ms="360" status="PASS">
          <reporter-output>
          </reporter-output>
        </test-method> <!-- clearEnvironment -->
      </class> <!-- tests.TaskTwo_firstScenario_SelectASeat_Then_Payment_Test -->
    </test> <!-- Default test -->
  </suite> <!-- Default suite -->
</testng-results>
